Release 12.1 - platgen Xilinx EDK 12.1 Build EDK_MS1.53d
 (lin64)
Copyright (c) 1995-2010 Xilinx, Inc.  All rights reserved.

Command Line: platgen -p xc4vfx20ff672-10 -lang vhdl -msg
__xps/ise/xmsgprops.lst system.mhs 

WARNING:EDK - INFO:Security:67 - XILINXD_LICENSE_FILE is set to
   '/opt/Xilinx/12.1/ISE_DS/EDK/data/core_licenses:/opt/Xilinx/11.5/EDK/data/cor
   e_licenses' in /home/aalonso/.flexlmrc.
   INFO:Security:66 - Your license for 'XPS' is for evaluation use only.
   WARNING:Security:42 - Your license support version '2010.06' for XPS expires
   in 7 days after which you will not qualify for Xilinx software updates or new
   releases.


Parse /home/aalonso/workspace/ppc405/xilinx-ml405-ref/system.mhs ...

Read MPD definitions ...

Overriding IP level properties ...
INFO:EDK:1560 - IPNAME:mpmc INSTANCE:DDR_SDRAM -
   /opt/Xilinx/12.1/ISE_DS/EDK/hw/XilinxProcessorIPLib/pcores/mpmc_v6_00_a/data/
   mpmc_v2_1_0.mpd line 143 - tcl is overriding PARAMETER C_BASEFAMILY value to
   virtex4
INFO:EDK:1560 - IPNAME:mpmc INSTANCE:DDR_SDRAM -
   /opt/Xilinx/12.1/ISE_DS/EDK/hw/XilinxProcessorIPLib/pcores/mpmc_v6_00_a/data/
   mpmc_v2_1_0.mpd line 170 - tcl is overriding PARAMETER C_IODELAY_GRP value to
   DDR_SDRAM
INFO:EDK:1560 - IPNAME:mpmc INSTANCE:DDR_SDRAM -
   /opt/Xilinx/12.1/ISE_DS/EDK/hw/XilinxProcessorIPLib/pcores/mpmc_v6_00_a/data/
   mpmc_v2_1_0.mpd line 252 - tcl is overriding PARAMETER C_MEM_PART_DATA_DEPTH
   value to 32
INFO:EDK:1560 - IPNAME:mpmc INSTANCE:DDR_SDRAM -
   /opt/Xilinx/12.1/ISE_DS/EDK/hw/XilinxProcessorIPLib/pcores/mpmc_v6_00_a/data/
   mpmc_v2_1_0.mpd line 253 - tcl is overriding PARAMETER C_MEM_PART_DATA_WIDTH
   value to 16
INFO:EDK:1560 - IPNAME:mpmc INSTANCE:DDR_SDRAM -
   /opt/Xilinx/12.1/ISE_DS/EDK/hw/XilinxProcessorIPLib/pcores/mpmc_v6_00_a/data/
   mpmc_v2_1_0.mpd line 256 - tcl is overriding PARAMETER
   C_MEM_PART_NUM_COL_BITS value to 10
INFO:EDK:1560 - IPNAME:mpmc INSTANCE:DDR_SDRAM -
   /opt/Xilinx/12.1/ISE_DS/EDK/hw/XilinxProcessorIPLib/pcores/mpmc_v6_00_a/data/
   mpmc_v2_1_0.mpd line 257 - tcl is overriding PARAMETER C_MEM_PART_TRAS value
   to 40000
INFO:EDK:1560 - IPNAME:mpmc INSTANCE:DDR_SDRAM -
   /opt/Xilinx/12.1/ISE_DS/EDK/hw/XilinxProcessorIPLib/pcores/mpmc_v6_00_a/data/
   mpmc_v2_1_0.mpd line 258 - tcl is overriding PARAMETER C_MEM_PART_TRASMAX
   value to 70000000
INFO:EDK:1560 - IPNAME:mpmc INSTANCE:DDR_SDRAM -
   /opt/Xilinx/12.1/ISE_DS/EDK/hw/XilinxProcessorIPLib/pcores/mpmc_v6_00_a/data/
   mpmc_v2_1_0.mpd line 259 - tcl is overriding PARAMETER C_MEM_PART_TRC value
   to 55000
INFO:EDK:1560 - IPNAME:mpmc INSTANCE:DDR_SDRAM -
   /opt/Xilinx/12.1/ISE_DS/EDK/hw/XilinxProcessorIPLib/pcores/mpmc_v6_00_a/data/
   mpmc_v2_1_0.mpd line 260 - tcl is overriding PARAMETER C_MEM_PART_TRCD value
   to 15000
INFO:EDK:1560 - IPNAME:mpmc INSTANCE:DDR_SDRAM -
   /opt/Xilinx/12.1/ISE_DS/EDK/hw/XilinxProcessorIPLib/pcores/mpmc_v6_00_a/data/
   mpmc_v2_1_0.mpd line 262 - tcl is overriding PARAMETER C_MEM_PART_TWR value
   to 15000
INFO:EDK:1560 - IPNAME:mpmc INSTANCE:DDR_SDRAM -
   /opt/Xilinx/12.1/ISE_DS/EDK/hw/XilinxProcessorIPLib/pcores/mpmc_v6_00_a/data/
   mpmc_v2_1_0.mpd line 263 - tcl is overriding PARAMETER C_MEM_PART_TRP value
   to 15000
INFO:EDK:1560 - IPNAME:mpmc INSTANCE:DDR_SDRAM -
   /opt/Xilinx/12.1/ISE_DS/EDK/hw/XilinxProcessorIPLib/pcores/mpmc_v6_00_a/data/
   mpmc_v2_1_0.mpd line 264 - tcl is overriding PARAMETER C_MEM_PART_TMRD value
   to 2
INFO:EDK:1560 - IPNAME:mpmc INSTANCE:DDR_SDRAM -
   /opt/Xilinx/12.1/ISE_DS/EDK/hw/XilinxProcessorIPLib/pcores/mpmc_v6_00_a/data/
   mpmc_v2_1_0.mpd line 265 - tcl is overriding PARAMETER C_MEM_PART_TRRD value
   to 10000
INFO:EDK:1560 - IPNAME:mpmc INSTANCE:DDR_SDRAM -
   /opt/Xilinx/12.1/ISE_DS/EDK/hw/XilinxProcessorIPLib/pcores/mpmc_v6_00_a/data/
   mpmc_v2_1_0.mpd line 266 - tcl is overriding PARAMETER C_MEM_PART_TRFC value
   to 70000
INFO:EDK:1560 - IPNAME:mpmc INSTANCE:DDR_SDRAM -
   /opt/Xilinx/12.1/ISE_DS/EDK/hw/XilinxProcessorIPLib/pcores/mpmc_v6_00_a/data/
   mpmc_v2_1_0.mpd line 267 - tcl is overriding PARAMETER C_MEM_PART_TREFI value
   to 7800000
INFO:EDK:1560 - IPNAME:mpmc INSTANCE:DDR_SDRAM -
   /opt/Xilinx/12.1/ISE_DS/EDK/hw/XilinxProcessorIPLib/pcores/mpmc_v6_00_a/data/
   mpmc_v2_1_0.mpd line 276 - tcl is overriding PARAMETER C_MEM_PART_CAS_A_FMAX
   value to 133
INFO:EDK:1560 - IPNAME:mpmc INSTANCE:DDR_SDRAM -
   /opt/Xilinx/12.1/ISE_DS/EDK/hw/XilinxProcessorIPLib/pcores/mpmc_v6_00_a/data/
   mpmc_v2_1_0.mpd line 277 - tcl is overriding PARAMETER C_MEM_PART_CAS_A value
   to 2
INFO:EDK:1560 - IPNAME:mpmc INSTANCE:DDR_SDRAM -
   /opt/Xilinx/12.1/ISE_DS/EDK/hw/XilinxProcessorIPLib/pcores/mpmc_v6_00_a/data/
   mpmc_v2_1_0.mpd line 278 - tcl is overriding PARAMETER C_MEM_PART_CAS_B_FMAX
   value to 166
INFO:EDK:1560 - IPNAME:mpmc INSTANCE:DDR_SDRAM -
   /opt/Xilinx/12.1/ISE_DS/EDK/hw/XilinxProcessorIPLib/pcores/mpmc_v6_00_a/data/
   mpmc_v2_1_0.mpd line 279 - tcl is overriding PARAMETER C_MEM_PART_CAS_B value
   to 2.5
INFO:EDK:1560 - IPNAME:mpmc INSTANCE:DDR_SDRAM -
   /opt/Xilinx/12.1/ISE_DS/EDK/hw/XilinxProcessorIPLib/pcores/mpmc_v6_00_a/data/
   mpmc_v2_1_0.mpd line 280 - tcl is overriding PARAMETER C_MEM_PART_CAS_C_FMAX
   value to 200
INFO:EDK:1560 - IPNAME:mpmc INSTANCE:DDR_SDRAM -
   /opt/Xilinx/12.1/ISE_DS/EDK/hw/XilinxProcessorIPLib/pcores/mpmc_v6_00_a/data/
   mpmc_v2_1_0.mpd line 281 - tcl is overriding PARAMETER C_MEM_PART_CAS_C value
   to 3
orig_family is virtex4
INFO:EDK:1560 - IPNAME:xps_ll_temac INSTANCE:TriMode_MAC_GMII -
   /opt/Xilinx/12.1/ISE_DS/EDK/hw/XilinxProcessorIPLib/pcores/xps_ll_temac_v2_03
   _a/data/xps_ll_temac_v2_1_0.mpd line 77 - tcl is overriding PARAMETER
   C_FAMILY value to virtex4

Performing IP level DRCs on properties...

Running DRC Tcl procedures for OPTION IPLEVEL_DRC_PROC...
Address Map for Processor ppc405_0
  (0b0100000000-0b0111111111) ppc405_0	
  (0000000000-0x07ffffff) DDR_SDRAM	ppc405_0_dplb1
  (0000000000-0x07ffffff) DDR_SDRAM	ppc405_0_iplb1
  (0x81400000-0x8140ffff) Push_Buttons_Position	plb
  (0x81420000-0x8142ffff) LEDs_Positions	plb
  (0x81440000-0x8144ffff) LEDs_4Bit	plb
  (0x81600000-0x8160ffff) IIC_EEPROM	plb
  (0x81800000-0x8180ffff) xps_intc_0	plb
  (0x83600000-0x8360ffff) SysACE_CompactFlash	plb
  (0x83a00000-0x83a0ffff) xps_timebase_wdt_0	plb
  (0x83c00000-0x83c0ffff) xps_timer_0	plb
  (0x83e00000-0x83e0ffff) RS232_Uart	plb
  (0x84600000-0x8460ffff) DDR_SDRAM	plb
  (0xff000000-0xff7fffff) FLASH	plb
  (0xffc00000-0xffc7ffff) TriMode_MAC_GMII	plb
  (0xffff0000-0xffffffff) xps_bram_if_cntlr_1	plb
INFO:EDK:1560 - IPNAME:ppc405_virtex4 INSTANCE:ppc405_0 -
   /opt/Xilinx/12.1/ISE_DS/EDK/hw/XilinxProcessorIPLib/pcores/ppc405_virtex4_v2_
   01_b/data/ppc405_virtex4_v2_1_0.mpd line 96 - tool is overriding PARAMETER
   C_DPLB0_P2P value to 0
INFO:EDK:1560 - IPNAME:ppc405_virtex4 INSTANCE:ppc405_0 -
   /opt/Xilinx/12.1/ISE_DS/EDK/hw/XilinxProcessorIPLib/pcores/ppc405_virtex4_v2_
   01_b/data/ppc405_virtex4_v2_1_0.mpd line 98 - tool is overriding PARAMETER
   C_IPLB0_P2P value to 0
INFO:EDK:1560 - IPNAME:mpmc INSTANCE:DDR_SDRAM -
   /opt/Xilinx/12.1/ISE_DS/EDK/hw/XilinxProcessorIPLib/pcores/mpmc_v6_00_a/data/
   mpmc_v2_1_0.mpd line 467 - tool is overriding PARAMETER C_SDMA_CTRL2_P2P
   value to 0
INFO:EDK:1560 - IPNAME:plb_v46 INSTANCE:ppc405_0_iplb1 -
   /opt/Xilinx/12.1/ISE_DS/EDK/hw/XilinxProcessorIPLib/pcores/plb_v46_v1_04_a/da
   ta/plb_v46_v2_1_0.mpd line 83 - tool is overriding PARAMETER C_P2P value to 1
INFO:EDK:1560 - IPNAME:plb_v46 INSTANCE:ppc405_0_dplb1 -
   /opt/Xilinx/12.1/ISE_DS/EDK/hw/XilinxProcessorIPLib/pcores/plb_v46_v1_04_a/da
   ta/plb_v46_v2_1_0.mpd line 83 - tool is overriding PARAMETER C_P2P value to 1

Computing clock values...
INFO:EDK:1560 - IPNAME:plb_v46 INSTANCE:plb -
   /opt/Xilinx/12.1/ISE_DS/EDK/hw/XilinxProcessorIPLib/pcores/plb_v46_v1_04_a/da
   ta/plb_v46_v2_1_0.mpd line 68 - tool is overriding PARAMETER
   C_PLBV46_NUM_MASTERS value to 2
INFO:EDK:1560 - IPNAME:plb_v46 INSTANCE:plb -
   /opt/Xilinx/12.1/ISE_DS/EDK/hw/XilinxProcessorIPLib/pcores/plb_v46_v1_04_a/da
   ta/plb_v46_v2_1_0.mpd line 69 - tool is overriding PARAMETER
   C_PLBV46_NUM_SLAVES value to 13
INFO:EDK:1560 - IPNAME:plb_v46 INSTANCE:plb -
   /opt/Xilinx/12.1/ISE_DS/EDK/hw/XilinxProcessorIPLib/pcores/plb_v46_v1_04_a/da
   ta/plb_v46_v2_1_0.mpd line 70 - tool is overriding PARAMETER
   C_PLBV46_MID_WIDTH value to 1
INFO:EDK:1560 - IPNAME:xps_bram_if_cntlr INSTANCE:xps_bram_if_cntlr_1 -
   /opt/Xilinx/12.1/ISE_DS/EDK/hw/XilinxProcessorIPLib/pcores/xps_bram_if_cntlr_
   v1_00_b/data/xps_bram_if_cntlr_v2_1_0.mpd line 73 - tool is overriding
   PARAMETER C_SPLB_DWIDTH value to 64
INFO:EDK:1560 - IPNAME:xps_bram_if_cntlr INSTANCE:xps_bram_if_cntlr_1 -
   /opt/Xilinx/12.1/ISE_DS/EDK/hw/XilinxProcessorIPLib/pcores/xps_bram_if_cntlr_
   v1_00_b/data/xps_bram_if_cntlr_v2_1_0.mpd line 78 - tool is overriding
   PARAMETER C_SPLB_SMALLEST_MASTER value to 64
INFO:EDK:1560 - IPNAME:bram_block INSTANCE:plb_bram_if_cntlr_1_bram -
   /opt/Xilinx/12.1/ISE_DS/EDK/hw/XilinxProcessorIPLib/pcores/bram_block_v1_00_a
   /data/bram_block_v2_1_0.mpd line 67 - tool is overriding PARAMETER C_MEMSIZE
   value to 0x10000
INFO:EDK:1560 - IPNAME:bram_block INSTANCE:plb_bram_if_cntlr_1_bram -
   /opt/Xilinx/12.1/ISE_DS/EDK/hw/XilinxProcessorIPLib/pcores/bram_block_v1_00_a
   /data/bram_block_v2_1_0.mpd line 68 - tool is overriding PARAMETER
   C_PORT_DWIDTH value to 64
INFO:EDK:1560 - IPNAME:bram_block INSTANCE:plb_bram_if_cntlr_1_bram -
   /opt/Xilinx/12.1/ISE_DS/EDK/hw/XilinxProcessorIPLib/pcores/bram_block_v1_00_a
   /data/bram_block_v2_1_0.mpd line 70 - tool is overriding PARAMETER C_NUM_WE
   value to 8
INFO:EDK:1560 - IPNAME:xps_gpio INSTANCE:LEDs_4Bit -
   /opt/Xilinx/12.1/ISE_DS/EDK/hw/XilinxProcessorIPLib/pcores/xps_gpio_v2_00_a/d
   ata/xps_gpio_v2_1_0.mpd line 69 - tool is overriding PARAMETER C_SPLB_DWIDTH
   value to 64
INFO:EDK:1560 - IPNAME:xps_gpio INSTANCE:LEDs_4Bit -
   /opt/Xilinx/12.1/ISE_DS/EDK/hw/XilinxProcessorIPLib/pcores/xps_gpio_v2_00_a/d
   ata/xps_gpio_v2_1_0.mpd line 72 - tool is overriding PARAMETER
   C_SPLB_NUM_MASTERS value to 2
INFO:EDK:1560 - IPNAME:xps_gpio INSTANCE:LEDs_Positions -
   /opt/Xilinx/12.1/ISE_DS/EDK/hw/XilinxProcessorIPLib/pcores/xps_gpio_v2_00_a/d
   ata/xps_gpio_v2_1_0.mpd line 69 - tool is overriding PARAMETER C_SPLB_DWIDTH
   value to 64
INFO:EDK:1560 - IPNAME:xps_gpio INSTANCE:LEDs_Positions -
   /opt/Xilinx/12.1/ISE_DS/EDK/hw/XilinxProcessorIPLib/pcores/xps_gpio_v2_00_a/d
   ata/xps_gpio_v2_1_0.mpd line 72 - tool is overriding PARAMETER
   C_SPLB_NUM_MASTERS value to 2
INFO:EDK:1560 - IPNAME:xps_gpio INSTANCE:Push_Buttons_Position -
   /opt/Xilinx/12.1/ISE_DS/EDK/hw/XilinxProcessorIPLib/pcores/xps_gpio_v2_00_a/d
   ata/xps_gpio_v2_1_0.mpd line 69 - tool is overriding PARAMETER C_SPLB_DWIDTH
   value to 64
INFO:EDK:1560 - IPNAME:xps_gpio INSTANCE:Push_Buttons_Position -
   /opt/Xilinx/12.1/ISE_DS/EDK/hw/XilinxProcessorIPLib/pcores/xps_gpio_v2_00_a/d
   ata/xps_gpio_v2_1_0.mpd line 72 - tool is overriding PARAMETER
   C_SPLB_NUM_MASTERS value to 2
INFO:EDK:1560 - IPNAME:xps_iic INSTANCE:IIC_EEPROM -
   /opt/Xilinx/12.1/ISE_DS/EDK/hw/XilinxProcessorIPLib/pcores/xps_iic_v2_03_a/da
   ta/xps_iic_v2_1_0.mpd line 75 - tool is overriding PARAMETER
   C_SPLB_NUM_MASTERS value to 2
INFO:EDK:1560 - IPNAME:xps_iic INSTANCE:IIC_EEPROM -
   /opt/Xilinx/12.1/ISE_DS/EDK/hw/XilinxProcessorIPLib/pcores/xps_iic_v2_03_a/da
   ta/xps_iic_v2_1_0.mpd line 77 - tool is overriding PARAMETER C_SPLB_DWIDTH
   value to 64
INFO:EDK:1560 - IPNAME:xps_sysace INSTANCE:SysACE_CompactFlash -
   /opt/Xilinx/12.1/ISE_DS/EDK/hw/XilinxProcessorIPLib/pcores/xps_sysace_v1_01_a
   /data/xps_sysace_v2_1_0.mpd line 70 - tool is overriding PARAMETER
   C_SPLB_DWIDTH value to 64
INFO:EDK:1560 - IPNAME:xps_sysace INSTANCE:SysACE_CompactFlash -
   /opt/Xilinx/12.1/ISE_DS/EDK/hw/XilinxProcessorIPLib/pcores/xps_sysace_v1_01_a
   /data/xps_sysace_v2_1_0.mpd line 72 - tool is overriding PARAMETER
   C_SPLB_MID_WIDTH value to 1
INFO:EDK:1560 - IPNAME:xps_sysace INSTANCE:SysACE_CompactFlash -
   /opt/Xilinx/12.1/ISE_DS/EDK/hw/XilinxProcessorIPLib/pcores/xps_sysace_v1_01_a
   /data/xps_sysace_v2_1_0.mpd line 73 - tool is overriding PARAMETER
   C_SPLB_NUM_MASTERS value to 2
INFO:EDK:1560 - IPNAME:mpmc INSTANCE:DDR_SDRAM -
   /opt/Xilinx/12.1/ISE_DS/EDK/hw/XilinxProcessorIPLib/pcores/mpmc_v6_00_a/data/
   mpmc_v2_1_0.mpd line 357 - tool is overriding PARAMETER
   C_SPLB0_SMALLEST_MASTER value to 64
INFO:EDK:1560 - IPNAME:mpmc INSTANCE:DDR_SDRAM -
   /opt/Xilinx/12.1/ISE_DS/EDK/hw/XilinxProcessorIPLib/pcores/mpmc_v6_00_a/data/
   mpmc_v2_1_0.mpd line 408 - tool is overriding PARAMETER
   C_SPLB1_SMALLEST_MASTER value to 64
INFO:EDK:1560 - IPNAME:mpmc INSTANCE:DDR_SDRAM -
   /opt/Xilinx/12.1/ISE_DS/EDK/hw/XilinxProcessorIPLib/pcores/mpmc_v6_00_a/data/
   mpmc_v2_1_0.mpd line 465 - tool is overriding PARAMETER
   C_SDMA_CTRL2_NUM_MASTERS value to 2
INFO:EDK:1560 - IPNAME:mpmc INSTANCE:DDR_SDRAM -
   /opt/Xilinx/12.1/ISE_DS/EDK/hw/XilinxProcessorIPLib/pcores/mpmc_v6_00_a/data/
   mpmc_v2_1_0.mpd line 469 - tool is overriding PARAMETER
   C_SDMA_CTRL2_SMALLEST_MASTER value to 64
INFO:EDK:1560 - IPNAME:plb_v46 INSTANCE:ppc405_0_iplb1 -
   /opt/Xilinx/12.1/ISE_DS/EDK/hw/XilinxProcessorIPLib/pcores/plb_v46_v1_04_a/da
   ta/plb_v46_v2_1_0.mpd line 68 - tool is overriding PARAMETER
   C_PLBV46_NUM_MASTERS value to 1
INFO:EDK:1560 - IPNAME:plb_v46 INSTANCE:ppc405_0_iplb1 -
   /opt/Xilinx/12.1/ISE_DS/EDK/hw/XilinxProcessorIPLib/pcores/plb_v46_v1_04_a/da
   ta/plb_v46_v2_1_0.mpd line 69 - tool is overriding PARAMETER
   C_PLBV46_NUM_SLAVES value to 1
INFO:EDK:1560 - IPNAME:plb_v46 INSTANCE:ppc405_0_iplb1 -
   /opt/Xilinx/12.1/ISE_DS/EDK/hw/XilinxProcessorIPLib/pcores/plb_v46_v1_04_a/da
   ta/plb_v46_v2_1_0.mpd line 70 - tool is overriding PARAMETER
   C_PLBV46_MID_WIDTH value to 1
INFO:EDK:1560 - IPNAME:plb_v46 INSTANCE:ppc405_0_dplb1 -
   /opt/Xilinx/12.1/ISE_DS/EDK/hw/XilinxProcessorIPLib/pcores/plb_v46_v1_04_a/da
   ta/plb_v46_v2_1_0.mpd line 68 - tool is overriding PARAMETER
   C_PLBV46_NUM_MASTERS value to 1
INFO:EDK:1560 - IPNAME:plb_v46 INSTANCE:ppc405_0_dplb1 -
   /opt/Xilinx/12.1/ISE_DS/EDK/hw/XilinxProcessorIPLib/pcores/plb_v46_v1_04_a/da
   ta/plb_v46_v2_1_0.mpd line 69 - tool is overriding PARAMETER
   C_PLBV46_NUM_SLAVES value to 1
INFO:EDK:1560 - IPNAME:plb_v46 INSTANCE:ppc405_0_dplb1 -
   /opt/Xilinx/12.1/ISE_DS/EDK/hw/XilinxProcessorIPLib/pcores/plb_v46_v1_04_a/da
   ta/plb_v46_v2_1_0.mpd line 70 - tool is overriding PARAMETER
   C_PLBV46_MID_WIDTH value to 1
INFO:EDK:1560 - IPNAME:xps_ll_temac INSTANCE:TriMode_MAC_GMII -
   /opt/Xilinx/12.1/ISE_DS/EDK/hw/XilinxProcessorIPLib/pcores/xps_ll_temac_v2_03
   _a/data/xps_ll_temac_v2_1_0.mpd line 80 - tool is overriding PARAMETER
   C_SPLB_DWIDTH value to 64
INFO:EDK:1560 - IPNAME:xps_ll_temac INSTANCE:TriMode_MAC_GMII -
   /opt/Xilinx/12.1/ISE_DS/EDK/hw/XilinxProcessorIPLib/pcores/xps_ll_temac_v2_03
   _a/data/xps_ll_temac_v2_1_0.mpd line 82 - tool is overriding PARAMETER
   C_SPLB_NUM_MASTERS value to 2
INFO:EDK:1560 - IPNAME:xps_ll_temac INSTANCE:TriMode_MAC_GMII -
   /opt/Xilinx/12.1/ISE_DS/EDK/hw/XilinxProcessorIPLib/pcores/xps_ll_temac_v2_03
   _a/data/xps_ll_temac_v2_1_0.mpd line 83 - tool is overriding PARAMETER
   C_SPLB_MID_WIDTH value to 1
INFO:EDK:1560 - IPNAME:xps_mch_emc INSTANCE:FLASH -
   /opt/Xilinx/12.1/ISE_DS/EDK/hw/XilinxProcessorIPLib/pcores/xps_mch_emc_v3_01_
   a/data/xps_mch_emc_v2_1_0.mpd line 78 - tool is overriding PARAMETER
   C_SPLB_NUM_MASTERS value to 2
INFO:EDK:1560 - IPNAME:xps_mch_emc INSTANCE:FLASH -
   /opt/Xilinx/12.1/ISE_DS/EDK/hw/XilinxProcessorIPLib/pcores/xps_mch_emc_v3_01_
   a/data/xps_mch_emc_v2_1_0.mpd line 80 - tool is overriding PARAMETER
   C_SPLB_DWIDTH value to 64
INFO:EDK:1560 - IPNAME:xps_mch_emc INSTANCE:FLASH -
   /opt/Xilinx/12.1/ISE_DS/EDK/hw/XilinxProcessorIPLib/pcores/xps_mch_emc_v3_01_
   a/data/xps_mch_emc_v2_1_0.mpd line 82 - tool is overriding PARAMETER
   C_SPLB_SMALLEST_MASTER value to 64
INFO:EDK:1560 - IPNAME:xps_timebase_wdt INSTANCE:xps_timebase_wdt_0 -
   /opt/Xilinx/12.1/ISE_DS/EDK/hw/XilinxProcessorIPLib/pcores/xps_timebase_wdt_v
   1_01_a/data/xps_timebase_wdt_v2_1_0.mpd line 71 - tool is overriding
   PARAMETER C_SPLB_DWIDTH value to 64
INFO:EDK:1560 - IPNAME:xps_timebase_wdt INSTANCE:xps_timebase_wdt_0 -
   /opt/Xilinx/12.1/ISE_DS/EDK/hw/XilinxProcessorIPLib/pcores/xps_timebase_wdt_v
   1_01_a/data/xps_timebase_wdt_v2_1_0.mpd line 74 - tool is overriding
   PARAMETER C_SPLB_NUM_MASTERS value to 2
INFO:EDK:1560 - IPNAME:xps_timer INSTANCE:xps_timer_0 -
   /opt/Xilinx/12.1/ISE_DS/EDK/hw/XilinxProcessorIPLib/pcores/xps_timer_v1_02_a/
   data/xps_timer_v2_1_0.mpd line 75 - tool is overriding PARAMETER
   C_SPLB_DWIDTH value to 64
INFO:EDK:1560 - IPNAME:xps_timer INSTANCE:xps_timer_0 -
   /opt/Xilinx/12.1/ISE_DS/EDK/hw/XilinxProcessorIPLib/pcores/xps_timer_v1_02_a/
   data/xps_timer_v2_1_0.mpd line 77 - tool is overriding PARAMETER
   C_SPLB_MID_WIDTH value to 1
INFO:EDK:1560 - IPNAME:xps_timer INSTANCE:xps_timer_0 -
   /opt/Xilinx/12.1/ISE_DS/EDK/hw/XilinxProcessorIPLib/pcores/xps_timer_v1_02_a/
   data/xps_timer_v2_1_0.mpd line 78 - tool is overriding PARAMETER
   C_SPLB_NUM_MASTERS value to 2
INFO:EDK:1560 - IPNAME:xps_uart16550 INSTANCE:RS232_Uart -
   /opt/Xilinx/12.1/ISE_DS/EDK/hw/XilinxProcessorIPLib/pcores/xps_uart16550_v3_0
   0_a/data/xps_uart16550_v2_1_0.mpd line 74 - tool is overriding PARAMETER
   C_SPLB_DWIDTH value to 64
INFO:EDK:1560 - IPNAME:xps_uart16550 INSTANCE:RS232_Uart -
   /opt/Xilinx/12.1/ISE_DS/EDK/hw/XilinxProcessorIPLib/pcores/xps_uart16550_v3_0
   0_a/data/xps_uart16550_v2_1_0.mpd line 77 - tool is overriding PARAMETER
   C_SPLB_NUM_MASTERS value to 2
INFO:EDK:1560 - IPNAME:xps_intc INSTANCE:xps_intc_0 -
   /opt/Xilinx/12.1/ISE_DS/EDK/hw/XilinxProcessorIPLib/pcores/xps_intc_v2_01_a/d
   ata/xps_intc_v2_1_0.mpd line 71 - tool is overriding PARAMETER C_SPLB_DWIDTH
   value to 64
INFO:EDK:1560 - IPNAME:xps_intc INSTANCE:xps_intc_0 -
   /opt/Xilinx/12.1/ISE_DS/EDK/hw/XilinxProcessorIPLib/pcores/xps_intc_v2_01_a/d
   ata/xps_intc_v2_1_0.mpd line 73 - tool is overriding PARAMETER
   C_SPLB_NUM_MASTERS value to 2

Checking platform address map ...

Checking platform configuration ...
IPNAME:plb_v46 INSTANCE:plb -
/home/aalonso/workspace/ppc405/xilinx-ml405-ref/system.mhs line 82 - 2 master(s)
: 13 slave(s)
IPNAME:plb_v46 INSTANCE:ppc405_0_iplb1 -
/home/aalonso/workspace/ppc405/xilinx-ml405-ref/system.mhs line 224 - 1
master(s) : 1 slave(s)
IPNAME:plb_v46 INSTANCE:ppc405_0_dplb1 -
/home/aalonso/workspace/ppc405/xilinx-ml405-ref/system.mhs line 231 - 1
master(s) : 1 slave(s)

Checking port drivers...
WARNING:EDK:2098 - PORT:HostMiimRdy CONNECTOR:host_mii_rdy -
   /opt/Xilinx/12.1/ISE_DS/EDK/hw/XilinxProcessorIPLib/pcores/xps_ll_temac_v2_03
   _a/data/xps_ll_temac_v2_1_0.mpd line 262 - No driver found. Port will be
   driven to GND!
WARNING:EDK:2098 - PORT:HostRdData CONNECTOR:host_rd_data -
   /opt/Xilinx/12.1/ISE_DS/EDK/hw/XilinxProcessorIPLib/pcores/xps_ll_temac_v2_03
   _a/data/xps_ll_temac_v2_1_0.mpd line 263 - No driver found. Port will be
   driven to GND!
WARNING:EDK:2099 - PORT:HostMiimSel CONNECTOR:host_mii_sel -
   /opt/Xilinx/12.1/ISE_DS/EDK/hw/XilinxProcessorIPLib/pcores/xps_ll_temac_v2_03
   _a/data/xps_ll_temac_v2_1_0.mpd line 264 - floating connection!
WARNING:EDK:2099 - PORT:HostReq CONNECTOR:host_req -
   /opt/Xilinx/12.1/ISE_DS/EDK/hw/XilinxProcessorIPLib/pcores/xps_ll_temac_v2_03
   _a/data/xps_ll_temac_v2_1_0.mpd line 265 - floating connection!
WARNING:EDK:2099 - PORT:HostAddr CONNECTOR:host_addr -
   /opt/Xilinx/12.1/ISE_DS/EDK/hw/XilinxProcessorIPLib/pcores/xps_ll_temac_v2_03
   _a/data/xps_ll_temac_v2_1_0.mpd line 266 - floating connection!
WARNING:EDK:2099 - PORT:HostEmac1Sel CONNECTOR:host_emac1_sel -
   /opt/Xilinx/12.1/ISE_DS/EDK/hw/XilinxProcessorIPLib/pcores/xps_ll_temac_v2_03
   _a/data/xps_ll_temac_v2_1_0.mpd line 267 - floating connection!

Performing Clock DRCs...

Performing Reset DRCs...

Overriding system level properties...
INFO:EDK:1560 - IPNAME:ppc405_virtex4 INSTANCE:ppc405_0 -
   /opt/Xilinx/12.1/ISE_DS/EDK/hw/XilinxProcessorIPLib/pcores/ppc405_virtex4_v2_
   01_b/data/ppc405_virtex4_v2_1_0.mpd line 90 - tcl is overriding PARAMETER
   C_DPLB1_ADDR_BASE value to 0x00000000
INFO:EDK:1560 - IPNAME:ppc405_virtex4 INSTANCE:ppc405_0 -
   /opt/Xilinx/12.1/ISE_DS/EDK/hw/XilinxProcessorIPLib/pcores/ppc405_virtex4_v2_
   01_b/data/ppc405_virtex4_v2_1_0.mpd line 91 - tcl is overriding PARAMETER
   C_DPLB1_ADDR_HIGH value to 0x07ffffff
INFO:EDK:1560 - IPNAME:ppc405_virtex4 INSTANCE:ppc405_0 -
   /opt/Xilinx/12.1/ISE_DS/EDK/hw/XilinxProcessorIPLib/pcores/ppc405_virtex4_v2_
   01_b/data/ppc405_virtex4_v2_1_0.mpd line 92 - tcl is overriding PARAMETER
   C_IPLB1_ADDR_BASE value to 0x00000000
INFO:EDK:1560 - IPNAME:ppc405_virtex4 INSTANCE:ppc405_0 -
   /opt/Xilinx/12.1/ISE_DS/EDK/hw/XilinxProcessorIPLib/pcores/ppc405_virtex4_v2_
   01_b/data/ppc405_virtex4_v2_1_0.mpd line 93 - tcl is overriding PARAMETER
   C_IPLB1_ADDR_HIGH value to 0x07ffffff
WARNING:EDK:1557 - IPNAME:ppc405_virtex4 INSTANCE:ppc405_0 -
   /home/aalonso/workspace/ppc405/xilinx-ml405-ref/system.mhs line 68 -
   PARAMETER C_FASTEST_PLB_CLOCK has value DPLB1 specified in MHS, but tcl is
   overriding the value to DPLB0
INFO:EDK:1560 - IPNAME:mpmc INSTANCE:DDR_SDRAM -
   /opt/Xilinx/12.1/ISE_DS/EDK/hw/XilinxProcessorIPLib/pcores/mpmc_v6_00_a/data/
   mpmc_v2_1_0.mpd line 286 - tcl is overriding PARAMETER C_MEM_CAS_LATENCY
   value to 2
INFO:EDK:1560 - IPNAME:mpmc INSTANCE:DDR_SDRAM -
   /opt/Xilinx/12.1/ISE_DS/EDK/hw/XilinxProcessorIPLib/pcores/mpmc_v6_00_a/data/
   mpmc_v2_1_0.mpd line 342 - tcl is overriding PARAMETER C_PIM0_SUBTYPE value
   to IPLB
INFO:EDK:1560 - IPNAME:mpmc INSTANCE:DDR_SDRAM -
   /opt/Xilinx/12.1/ISE_DS/EDK/hw/XilinxProcessorIPLib/pcores/mpmc_v6_00_a/data/
   mpmc_v2_1_0.mpd line 347 - tcl is overriding PARAMETER C_PIM0_B_SUBTYPE value
   to IPLB
INFO:EDK:1560 - IPNAME:mpmc INSTANCE:DDR_SDRAM -
   /opt/Xilinx/12.1/ISE_DS/EDK/hw/XilinxProcessorIPLib/pcores/mpmc_v6_00_a/data/
   mpmc_v2_1_0.mpd line 393 - tcl is overriding PARAMETER C_PIM1_SUBTYPE value
   to DPLB
INFO:EDK:1560 - IPNAME:mpmc INSTANCE:DDR_SDRAM -
   /opt/Xilinx/12.1/ISE_DS/EDK/hw/XilinxProcessorIPLib/pcores/mpmc_v6_00_a/data/
   mpmc_v2_1_0.mpd line 398 - tcl is overriding PARAMETER C_PIM1_B_SUBTYPE value
   to DPLB
INFO:EDK:1560 - IPNAME:mpmc INSTANCE:DDR_SDRAM -
   /opt/Xilinx/12.1/ISE_DS/EDK/hw/XilinxProcessorIPLib/pcores/mpmc_v6_00_a/data/
   mpmc_v2_1_0.mpd line 444 - tcl is overriding PARAMETER C_PIM2_SUBTYPE value
   to SDMA
INFO:EDK:1560 - IPNAME:mpmc INSTANCE:DDR_SDRAM -
   /opt/Xilinx/12.1/ISE_DS/EDK/hw/XilinxProcessorIPLib/pcores/mpmc_v6_00_a/data/
   mpmc_v2_1_0.mpd line 449 - tcl is overriding PARAMETER C_PIM2_B_SUBTYPE value
   to SDMA
INFO:EDK:1560 - IPNAME:mpmc INSTANCE:DDR_SDRAM -
   /opt/Xilinx/12.1/ISE_DS/EDK/hw/XilinxProcessorIPLib/pcores/mpmc_v6_00_a/data/
   mpmc_v2_1_0.mpd line 745 - tcl is overriding PARAMETER C_WR_TRAINING_PORT
   value to 1
INFO:EDK:1560 - IPNAME:mpmc INSTANCE:DDR_SDRAM -
   /opt/Xilinx/12.1/ISE_DS/EDK/hw/XilinxProcessorIPLib/pcores/mpmc_v6_00_a/data/
   mpmc_v2_1_0.mpd line 755 - tcl is overriding PARAMETER C_TWR value to 15000
INFO:EDK:1560 - IPNAME:mpmc INSTANCE:DDR_SDRAM -
   /opt/Xilinx/12.1/ISE_DS/EDK/hw/XilinxProcessorIPLib/pcores/mpmc_v6_00_a/data/
   mpmc_v2_1_0.mpd line 757 - tcl is overriding PARAMETER C_CTRL_IS_WRITE_INDEX
   value to 1
INFO:EDK:1560 - IPNAME:mpmc INSTANCE:DDR_SDRAM -
   /opt/Xilinx/12.1/ISE_DS/EDK/hw/XilinxProcessorIPLib/pcores/mpmc_v6_00_a/data/
   mpmc_v2_1_0.mpd line 758 - tcl is overriding PARAMETER
   C_CTRL_PHYIF_RAS_N_INDEX value to 2
INFO:EDK:1560 - IPNAME:mpmc INSTANCE:DDR_SDRAM -
   /opt/Xilinx/12.1/ISE_DS/EDK/hw/XilinxProcessorIPLib/pcores/mpmc_v6_00_a/data/
   mpmc_v2_1_0.mpd line 759 - tcl is overriding PARAMETER
   C_CTRL_PHYIF_CAS_N_INDEX value to 3
INFO:EDK:1560 - IPNAME:mpmc INSTANCE:DDR_SDRAM -
   /opt/Xilinx/12.1/ISE_DS/EDK/hw/XilinxProcessorIPLib/pcores/mpmc_v6_00_a/data/
   mpmc_v2_1_0.mpd line 760 - tcl is overriding PARAMETER
   C_CTRL_PHYIF_WE_N_INDEX value to 4
INFO:EDK:1560 - IPNAME:mpmc INSTANCE:DDR_SDRAM -
   /opt/Xilinx/12.1/ISE_DS/EDK/hw/XilinxProcessorIPLib/pcores/mpmc_v6_00_a/data/
   mpmc_v2_1_0.mpd line 761 - tcl is overriding PARAMETER C_CTRL_RMW_INDEX value
   to 6
INFO:EDK:1560 - IPNAME:mpmc INSTANCE:DDR_SDRAM -
   /opt/Xilinx/12.1/ISE_DS/EDK/hw/XilinxProcessorIPLib/pcores/mpmc_v6_00_a/data/
   mpmc_v2_1_0.mpd line 762 - tcl is overriding PARAMETER C_CTRL_SKIP_0_INDEX
   value to 7
INFO:EDK:1560 - IPNAME:mpmc INSTANCE:DDR_SDRAM -
   /opt/Xilinx/12.1/ISE_DS/EDK/hw/XilinxProcessorIPLib/pcores/mpmc_v6_00_a/data/
   mpmc_v2_1_0.mpd line 763 - tcl is overriding PARAMETER
   C_CTRL_PHYIF_DQS_O_INDEX value to 8
INFO:EDK:1560 - IPNAME:mpmc INSTANCE:DDR_SDRAM -
   /opt/Xilinx/12.1/ISE_DS/EDK/hw/XilinxProcessorIPLib/pcores/mpmc_v6_00_a/data/
   mpmc_v2_1_0.mpd line 764 - tcl is overriding PARAMETER C_CTRL_SKIP_1_INDEX
   value to 9
INFO:EDK:1560 - IPNAME:mpmc INSTANCE:DDR_SDRAM -
   /opt/Xilinx/12.1/ISE_DS/EDK/hw/XilinxProcessorIPLib/pcores/mpmc_v6_00_a/data/
   mpmc_v2_1_0.mpd line 765 - tcl is overriding PARAMETER
   C_CTRL_DP_RDFIFO_PUSH_INDEX value to 10
INFO:EDK:1560 - IPNAME:mpmc INSTANCE:DDR_SDRAM -
   /opt/Xilinx/12.1/ISE_DS/EDK/hw/XilinxProcessorIPLib/pcores/mpmc_v6_00_a/data/
   mpmc_v2_1_0.mpd line 766 - tcl is overriding PARAMETER C_CTRL_SKIP_2_INDEX
   value to 11
INFO:EDK:1560 - IPNAME:mpmc INSTANCE:DDR_SDRAM -
   /opt/Xilinx/12.1/ISE_DS/EDK/hw/XilinxProcessorIPLib/pcores/mpmc_v6_00_a/data/
   mpmc_v2_1_0.mpd line 767 - tcl is overriding PARAMETER
   C_CTRL_AP_COL_CNT_LOAD_INDEX value to 12
INFO:EDK:1560 - IPNAME:mpmc INSTANCE:DDR_SDRAM -
   /opt/Xilinx/12.1/ISE_DS/EDK/hw/XilinxProcessorIPLib/pcores/mpmc_v6_00_a/data/
   mpmc_v2_1_0.mpd line 768 - tcl is overriding PARAMETER
   C_CTRL_AP_COL_CNT_ENABLE_INDEX value to 13
INFO:EDK:1560 - IPNAME:mpmc INSTANCE:DDR_SDRAM -
   /opt/Xilinx/12.1/ISE_DS/EDK/hw/XilinxProcessorIPLib/pcores/mpmc_v6_00_a/data/
   mpmc_v2_1_0.mpd line 769 - tcl is overriding PARAMETER
   C_CTRL_AP_PRECHARGE_ADDR10_INDEX value to 14
INFO:EDK:1560 - IPNAME:mpmc INSTANCE:DDR_SDRAM -
   /opt/Xilinx/12.1/ISE_DS/EDK/hw/XilinxProcessorIPLib/pcores/mpmc_v6_00_a/data/
   mpmc_v2_1_0.mpd line 770 - tcl is overriding PARAMETER
   C_CTRL_AP_ROW_COL_SEL_INDEX value to 15
INFO:EDK:1560 - IPNAME:mpmc INSTANCE:DDR_SDRAM -
   /opt/Xilinx/12.1/ISE_DS/EDK/hw/XilinxProcessorIPLib/pcores/mpmc_v6_00_a/data/
   mpmc_v2_1_0.mpd line 771 - tcl is overriding PARAMETER
   C_CTRL_PHYIF_FORCE_DM_INDEX value to 16
INFO:EDK:1560 - IPNAME:mpmc INSTANCE:DDR_SDRAM -
   /opt/Xilinx/12.1/ISE_DS/EDK/hw/XilinxProcessorIPLib/pcores/mpmc_v6_00_a/data/
   mpmc_v2_1_0.mpd line 772 - tcl is overriding PARAMETER C_CTRL_REPEAT4_INDEX
   value to 17
INFO:EDK:1560 - IPNAME:mpmc INSTANCE:DDR_SDRAM -
   /opt/Xilinx/12.1/ISE_DS/EDK/hw/XilinxProcessorIPLib/pcores/mpmc_v6_00_a/data/
   mpmc_v2_1_0.mpd line 783 - tcl is overriding PARAMETER
   C_CTRL_ARB_RDMODWR_DELAY value to 2
INFO:EDK:1560 - IPNAME:mpmc INSTANCE:DDR_SDRAM -
   /opt/Xilinx/12.1/ISE_DS/EDK/hw/XilinxProcessorIPLib/pcores/mpmc_v6_00_a/data/
   mpmc_v2_1_0.mpd line 784 - tcl is overriding PARAMETER C_CTRL_AP_COL_DELAY
   value to 1
INFO:EDK:1560 - IPNAME:mpmc INSTANCE:DDR_SDRAM -
   /opt/Xilinx/12.1/ISE_DS/EDK/hw/XilinxProcessorIPLib/pcores/mpmc_v6_00_a/data/
   mpmc_v2_1_0.mpd line 788 - tcl is overriding PARAMETER
   C_CTRL_DP_LOAD_RDWDADDR_DELAY value to 2
INFO:EDK:1560 - IPNAME:mpmc INSTANCE:DDR_SDRAM -
   /opt/Xilinx/12.1/ISE_DS/EDK/hw/XilinxProcessorIPLib/pcores/mpmc_v6_00_a/data/
   mpmc_v2_1_0.mpd line 789 - tcl is overriding PARAMETER
   C_CTRL_DP_RDFIFO_WHICHPORT_DELAY value to 11
INFO:EDK:1560 - IPNAME:mpmc INSTANCE:DDR_SDRAM -
   /opt/Xilinx/12.1/ISE_DS/EDK/hw/XilinxProcessorIPLib/pcores/mpmc_v6_00_a/data/
   mpmc_v2_1_0.mpd line 790 - tcl is overriding PARAMETER C_CTRL_DP_SIZE_DELAY
   value to 2
INFO:EDK:1560 - IPNAME:mpmc INSTANCE:DDR_SDRAM -
   /opt/Xilinx/12.1/ISE_DS/EDK/hw/XilinxProcessorIPLib/pcores/mpmc_v6_00_a/data/
   mpmc_v2_1_0.mpd line 791 - tcl is overriding PARAMETER
   C_CTRL_DP_WRFIFO_WHICHPORT_DELAY value to 3
INFO:EDK:1560 - IPNAME:mpmc INSTANCE:DDR_SDRAM -
   /opt/Xilinx/12.1/ISE_DS/EDK/hw/XilinxProcessorIPLib/pcores/mpmc_v6_00_a/data/
   mpmc_v2_1_0.mpd line 792 - tcl is overriding PARAMETER
   C_CTRL_PHYIF_DUMMYREADSTART_DELAY value to 5
INFO:EDK:1560 - IPNAME:mpmc INSTANCE:DDR_SDRAM -
   /opt/Xilinx/12.1/ISE_DS/EDK/hw/XilinxProcessorIPLib/pcores/mpmc_v6_00_a/data/
   mpmc_v2_1_0.mpd line 793 - tcl is overriding PARAMETER C_CTRL_Q0_DELAY value
   to 1
INFO:EDK:1560 - IPNAME:mpmc INSTANCE:DDR_SDRAM -
   /opt/Xilinx/12.1/ISE_DS/EDK/hw/XilinxProcessorIPLib/pcores/mpmc_v6_00_a/data/
   mpmc_v2_1_0.mpd line 794 - tcl is overriding PARAMETER C_CTRL_Q1_DELAY value
   to 1
INFO:EDK:1560 - IPNAME:mpmc INSTANCE:DDR_SDRAM -
   /opt/Xilinx/12.1/ISE_DS/EDK/hw/XilinxProcessorIPLib/pcores/mpmc_v6_00_a/data/
   mpmc_v2_1_0.mpd line 795 - tcl is overriding PARAMETER C_CTRL_Q2_DELAY value
   to 2
INFO:EDK:1560 - IPNAME:mpmc INSTANCE:DDR_SDRAM -
   /opt/Xilinx/12.1/ISE_DS/EDK/hw/XilinxProcessorIPLib/pcores/mpmc_v6_00_a/data/
   mpmc_v2_1_0.mpd line 796 - tcl is overriding PARAMETER C_CTRL_Q3_DELAY value
   to 2
INFO:EDK:1560 - IPNAME:mpmc INSTANCE:DDR_SDRAM -
   /opt/Xilinx/12.1/ISE_DS/EDK/hw/XilinxProcessorIPLib/pcores/mpmc_v6_00_a/data/
   mpmc_v2_1_0.mpd line 797 - tcl is overriding PARAMETER C_CTRL_Q4_DELAY value
   to 2
INFO:EDK:1560 - IPNAME:mpmc INSTANCE:DDR_SDRAM -
   /opt/Xilinx/12.1/ISE_DS/EDK/hw/XilinxProcessorIPLib/pcores/mpmc_v6_00_a/data/
   mpmc_v2_1_0.mpd line 799 - tcl is overriding PARAMETER C_CTRL_Q6_DELAY value
   to 4
INFO:EDK:1560 - IPNAME:mpmc INSTANCE:DDR_SDRAM -
   /opt/Xilinx/12.1/ISE_DS/EDK/hw/XilinxProcessorIPLib/pcores/mpmc_v6_00_a/data/
   mpmc_v2_1_0.mpd line 803 - tcl is overriding PARAMETER C_CTRL_Q10_DELAY value
   to 1
INFO:EDK:1560 - IPNAME:mpmc INSTANCE:DDR_SDRAM -
   /opt/Xilinx/12.1/ISE_DS/EDK/hw/XilinxProcessorIPLib/pcores/mpmc_v6_00_a/data/
   mpmc_v2_1_0.mpd line 805 - tcl is overriding PARAMETER C_CTRL_Q12_DELAY value
   to 1
INFO:EDK:1560 - IPNAME:mpmc INSTANCE:DDR_SDRAM -
   /opt/Xilinx/12.1/ISE_DS/EDK/hw/XilinxProcessorIPLib/pcores/mpmc_v6_00_a/data/
   mpmc_v2_1_0.mpd line 806 - tcl is overriding PARAMETER C_CTRL_Q13_DELAY value
   to 1
INFO:EDK:1560 - IPNAME:mpmc INSTANCE:DDR_SDRAM -
   /opt/Xilinx/12.1/ISE_DS/EDK/hw/XilinxProcessorIPLib/pcores/mpmc_v6_00_a/data/
   mpmc_v2_1_0.mpd line 807 - tcl is overriding PARAMETER C_CTRL_Q14_DELAY value
   to 1
INFO:EDK:1560 - IPNAME:mpmc INSTANCE:DDR_SDRAM -
   /opt/Xilinx/12.1/ISE_DS/EDK/hw/XilinxProcessorIPLib/pcores/mpmc_v6_00_a/data/
   mpmc_v2_1_0.mpd line 808 - tcl is overriding PARAMETER C_CTRL_Q15_DELAY value
   to 1
INFO:EDK:1560 - IPNAME:mpmc INSTANCE:DDR_SDRAM -
   /opt/Xilinx/12.1/ISE_DS/EDK/hw/XilinxProcessorIPLib/pcores/mpmc_v6_00_a/data/
   mpmc_v2_1_0.mpd line 810 - tcl is overriding PARAMETER C_CTRL_Q17_DELAY value
   to 1
INFO:EDK:1560 - IPNAME:mpmc INSTANCE:DDR_SDRAM -
   /opt/Xilinx/12.1/ISE_DS/EDK/hw/XilinxProcessorIPLib/pcores/mpmc_v6_00_a/data/
   mpmc_v2_1_0.mpd line 829 - tcl is overriding PARAMETER C_SKIP_1_VALUE value
   to 0x001
INFO:EDK:1560 - IPNAME:mpmc INSTANCE:DDR_SDRAM -
   /opt/Xilinx/12.1/ISE_DS/EDK/hw/XilinxProcessorIPLib/pcores/mpmc_v6_00_a/data/
   mpmc_v2_1_0.mpd line 830 - tcl is overriding PARAMETER C_SKIP_2_VALUE value
   to 0x001
INFO:EDK:1560 - IPNAME:mpmc INSTANCE:DDR_SDRAM -
   /opt/Xilinx/12.1/ISE_DS/EDK/hw/XilinxProcessorIPLib/pcores/mpmc_v6_00_a/data/
   mpmc_v2_1_0.mpd line 831 - tcl is overriding PARAMETER C_SKIP_3_VALUE value
   to 0x001
INFO:EDK:1560 - IPNAME:mpmc INSTANCE:DDR_SDRAM -
   /opt/Xilinx/12.1/ISE_DS/EDK/hw/XilinxProcessorIPLib/pcores/mpmc_v6_00_a/data/
   mpmc_v2_1_0.mpd line 832 - tcl is overriding PARAMETER C_SKIP_4_VALUE value
   to 0x001
INFO:EDK:1560 - IPNAME:mpmc INSTANCE:DDR_SDRAM -
   /opt/Xilinx/12.1/ISE_DS/EDK/hw/XilinxProcessorIPLib/pcores/mpmc_v6_00_a/data/
   mpmc_v2_1_0.mpd line 833 - tcl is overriding PARAMETER C_SKIP_5_VALUE value
   to 0x001
INFO:EDK:1560 - IPNAME:mpmc INSTANCE:DDR_SDRAM -
   /opt/Xilinx/12.1/ISE_DS/EDK/hw/XilinxProcessorIPLib/pcores/mpmc_v6_00_a/data/
   mpmc_v2_1_0.mpd line 834 - tcl is overriding PARAMETER C_SKIP_6_VALUE value
   to 0x001
INFO:EDK:1560 - IPNAME:mpmc INSTANCE:DDR_SDRAM -
   /opt/Xilinx/12.1/ISE_DS/EDK/hw/XilinxProcessorIPLib/pcores/mpmc_v6_00_a/data/
   mpmc_v2_1_0.mpd line 835 - tcl is overriding PARAMETER C_SKIP_7_VALUE value
   to 0x001
INFO:EDK:1560 - IPNAME:mpmc INSTANCE:DDR_SDRAM -
   /opt/Xilinx/12.1/ISE_DS/EDK/hw/XilinxProcessorIPLib/pcores/mpmc_v6_00_a/data/
   mpmc_v2_1_0.mpd line 837 - tcl is overriding PARAMETER C_B32_REPEAT_CNT value
   to 2
INFO:EDK:1560 - IPNAME:mpmc INSTANCE:DDR_SDRAM -
   /opt/Xilinx/12.1/ISE_DS/EDK/hw/XilinxProcessorIPLib/pcores/mpmc_v6_00_a/data/
   mpmc_v2_1_0.mpd line 838 - tcl is overriding PARAMETER C_B64_REPEAT_CNT value
   to 6
INFO:EDK:1560 - IPNAME:mpmc INSTANCE:DDR_SDRAM -
   /opt/Xilinx/12.1/ISE_DS/EDK/hw/XilinxProcessorIPLib/pcores/mpmc_v6_00_a/data/
   mpmc_v2_1_0.mpd line 841 - tcl is overriding PARAMETER C_HIGHADDR_CTRL0 value
   to 0x009
INFO:EDK:1560 - IPNAME:mpmc INSTANCE:DDR_SDRAM -
   /opt/Xilinx/12.1/ISE_DS/EDK/hw/XilinxProcessorIPLib/pcores/mpmc_v6_00_a/data/
   mpmc_v2_1_0.mpd line 842 - tcl is overriding PARAMETER C_BASEADDR_CTRL1 value
   to 0x00a
INFO:EDK:1560 - IPNAME:mpmc INSTANCE:DDR_SDRAM -
   /opt/Xilinx/12.1/ISE_DS/EDK/hw/XilinxProcessorIPLib/pcores/mpmc_v6_00_a/data/
   mpmc_v2_1_0.mpd line 843 - tcl is overriding PARAMETER C_HIGHADDR_CTRL1 value
   to 0x00f
INFO:EDK:1560 - IPNAME:mpmc INSTANCE:DDR_SDRAM -
   /opt/Xilinx/12.1/ISE_DS/EDK/hw/XilinxProcessorIPLib/pcores/mpmc_v6_00_a/data/
   mpmc_v2_1_0.mpd line 844 - tcl is overriding PARAMETER C_BASEADDR_CTRL2 value
   to 0x010
INFO:EDK:1560 - IPNAME:mpmc INSTANCE:DDR_SDRAM -
   /opt/Xilinx/12.1/ISE_DS/EDK/hw/XilinxProcessorIPLib/pcores/mpmc_v6_00_a/data/
   mpmc_v2_1_0.mpd line 845 - tcl is overriding PARAMETER C_HIGHADDR_CTRL2 value
   to 0x019
INFO:EDK:1560 - IPNAME:mpmc INSTANCE:DDR_SDRAM -
   /opt/Xilinx/12.1/ISE_DS/EDK/hw/XilinxProcessorIPLib/pcores/mpmc_v6_00_a/data/
   mpmc_v2_1_0.mpd line 846 - tcl is overriding PARAMETER C_BASEADDR_CTRL3 value
   to 0x01a
INFO:EDK:1560 - IPNAME:mpmc INSTANCE:DDR_SDRAM -
   /opt/Xilinx/12.1/ISE_DS/EDK/hw/XilinxProcessorIPLib/pcores/mpmc_v6_00_a/data/
   mpmc_v2_1_0.mpd line 847 - tcl is overriding PARAMETER C_HIGHADDR_CTRL3 value
   to 0x01f
INFO:EDK:1560 - IPNAME:mpmc INSTANCE:DDR_SDRAM -
   /opt/Xilinx/12.1/ISE_DS/EDK/hw/XilinxProcessorIPLib/pcores/mpmc_v6_00_a/data/
   mpmc_v2_1_0.mpd line 848 - tcl is overriding PARAMETER C_BASEADDR_CTRL4 value
   to 0x020
INFO:EDK:1560 - IPNAME:mpmc INSTANCE:DDR_SDRAM -
   /opt/Xilinx/12.1/ISE_DS/EDK/hw/XilinxProcessorIPLib/pcores/mpmc_v6_00_a/data/
   mpmc_v2_1_0.mpd line 849 - tcl is overriding PARAMETER C_HIGHADDR_CTRL4 value
   to 0x029
INFO:EDK:1560 - IPNAME:mpmc INSTANCE:DDR_SDRAM -
   /opt/Xilinx/12.1/ISE_DS/EDK/hw/XilinxProcessorIPLib/pcores/mpmc_v6_00_a/data/
   mpmc_v2_1_0.mpd line 850 - tcl is overriding PARAMETER C_BASEADDR_CTRL5 value
   to 0x02a
INFO:EDK:1560 - IPNAME:mpmc INSTANCE:DDR_SDRAM -
   /opt/Xilinx/12.1/ISE_DS/EDK/hw/XilinxProcessorIPLib/pcores/mpmc_v6_00_a/data/
   mpmc_v2_1_0.mpd line 851 - tcl is overriding PARAMETER C_HIGHADDR_CTRL5 value
   to 0x02f
INFO:EDK:1560 - IPNAME:mpmc INSTANCE:DDR_SDRAM -
   /opt/Xilinx/12.1/ISE_DS/EDK/hw/XilinxProcessorIPLib/pcores/mpmc_v6_00_a/data/
   mpmc_v2_1_0.mpd line 852 - tcl is overriding PARAMETER C_BASEADDR_CTRL6 value
   to 0x030
INFO:EDK:1560 - IPNAME:mpmc INSTANCE:DDR_SDRAM -
   /opt/Xilinx/12.1/ISE_DS/EDK/hw/XilinxProcessorIPLib/pcores/mpmc_v6_00_a/data/
   mpmc_v2_1_0.mpd line 853 - tcl is overriding PARAMETER C_HIGHADDR_CTRL6 value
   to 0x03b
INFO:EDK:1560 - IPNAME:mpmc INSTANCE:DDR_SDRAM -
   /opt/Xilinx/12.1/ISE_DS/EDK/hw/XilinxProcessorIPLib/pcores/mpmc_v6_00_a/data/
   mpmc_v2_1_0.mpd line 854 - tcl is overriding PARAMETER C_BASEADDR_CTRL7 value
   to 0x03c
INFO:EDK:1560 - IPNAME:mpmc INSTANCE:DDR_SDRAM -
   /opt/Xilinx/12.1/ISE_DS/EDK/hw/XilinxProcessorIPLib/pcores/mpmc_v6_00_a/data/
   mpmc_v2_1_0.mpd line 855 - tcl is overriding PARAMETER C_HIGHADDR_CTRL7 value
   to 0x043
INFO:EDK:1560 - IPNAME:mpmc INSTANCE:DDR_SDRAM -
   /opt/Xilinx/12.1/ISE_DS/EDK/hw/XilinxProcessorIPLib/pcores/mpmc_v6_00_a/data/
   mpmc_v2_1_0.mpd line 856 - tcl is overriding PARAMETER C_BASEADDR_CTRL8 value
   to 0x044
INFO:EDK:1560 - IPNAME:mpmc INSTANCE:DDR_SDRAM -
   /opt/Xilinx/12.1/ISE_DS/EDK/hw/XilinxProcessorIPLib/pcores/mpmc_v6_00_a/data/
   mpmc_v2_1_0.mpd line 857 - tcl is overriding PARAMETER C_HIGHADDR_CTRL8 value
   to 0x053
INFO:EDK:1560 - IPNAME:mpmc INSTANCE:DDR_SDRAM -
   /opt/Xilinx/12.1/ISE_DS/EDK/hw/XilinxProcessorIPLib/pcores/mpmc_v6_00_a/data/
   mpmc_v2_1_0.mpd line 858 - tcl is overriding PARAMETER C_BASEADDR_CTRL9 value
   to 0x054
INFO:EDK:1560 - IPNAME:mpmc INSTANCE:DDR_SDRAM -
   /opt/Xilinx/12.1/ISE_DS/EDK/hw/XilinxProcessorIPLib/pcores/mpmc_v6_00_a/data/
   mpmc_v2_1_0.mpd line 859 - tcl is overriding PARAMETER C_HIGHADDR_CTRL9 value
   to 0x05f
INFO:EDK:1560 - IPNAME:mpmc INSTANCE:DDR_SDRAM -
   /opt/Xilinx/12.1/ISE_DS/EDK/hw/XilinxProcessorIPLib/pcores/mpmc_v6_00_a/data/
   mpmc_v2_1_0.mpd line 860 - tcl is overriding PARAMETER C_BASEADDR_CTRL10
   value to 0x060
INFO:EDK:1560 - IPNAME:mpmc INSTANCE:DDR_SDRAM -
   /opt/Xilinx/12.1/ISE_DS/EDK/hw/XilinxProcessorIPLib/pcores/mpmc_v6_00_a/data/
   mpmc_v2_1_0.mpd line 861 - tcl is overriding PARAMETER C_HIGHADDR_CTRL10
   value to 0x06f
INFO:EDK:1560 - IPNAME:mpmc INSTANCE:DDR_SDRAM -
   /opt/Xilinx/12.1/ISE_DS/EDK/hw/XilinxProcessorIPLib/pcores/mpmc_v6_00_a/data/
   mpmc_v2_1_0.mpd line 862 - tcl is overriding PARAMETER C_BASEADDR_CTRL11
   value to 0x070
INFO:EDK:1560 - IPNAME:mpmc INSTANCE:DDR_SDRAM -
   /opt/Xilinx/12.1/ISE_DS/EDK/hw/XilinxProcessorIPLib/pcores/mpmc_v6_00_a/data/
   mpmc_v2_1_0.mpd line 863 - tcl is overriding PARAMETER C_HIGHADDR_CTRL11
   value to 0x07b
INFO:EDK:1560 - IPNAME:mpmc INSTANCE:DDR_SDRAM -
   /opt/Xilinx/12.1/ISE_DS/EDK/hw/XilinxProcessorIPLib/pcores/mpmc_v6_00_a/data/
   mpmc_v2_1_0.mpd line 864 - tcl is overriding PARAMETER C_BASEADDR_CTRL12
   value to 0x07c
INFO:EDK:1560 - IPNAME:mpmc INSTANCE:DDR_SDRAM -
   /opt/Xilinx/12.1/ISE_DS/EDK/hw/XilinxProcessorIPLib/pcores/mpmc_v6_00_a/data/
   mpmc_v2_1_0.mpd line 865 - tcl is overriding PARAMETER C_HIGHADDR_CTRL12
   value to 0x08b
INFO:EDK:1560 - IPNAME:mpmc INSTANCE:DDR_SDRAM -
   /opt/Xilinx/12.1/ISE_DS/EDK/hw/XilinxProcessorIPLib/pcores/mpmc_v6_00_a/data/
   mpmc_v2_1_0.mpd line 866 - tcl is overriding PARAMETER C_BASEADDR_CTRL13
   value to 0x08c
INFO:EDK:1560 - IPNAME:mpmc INSTANCE:DDR_SDRAM -
   /opt/Xilinx/12.1/ISE_DS/EDK/hw/XilinxProcessorIPLib/pcores/mpmc_v6_00_a/data/
   mpmc_v2_1_0.mpd line 867 - tcl is overriding PARAMETER C_HIGHADDR_CTRL13
   value to 0x097
INFO:EDK:1560 - IPNAME:mpmc INSTANCE:DDR_SDRAM -
   /opt/Xilinx/12.1/ISE_DS/EDK/hw/XilinxProcessorIPLib/pcores/mpmc_v6_00_a/data/
   mpmc_v2_1_0.mpd line 868 - tcl is overriding PARAMETER C_BASEADDR_CTRL14
   value to 0x098
INFO:EDK:1560 - IPNAME:mpmc INSTANCE:DDR_SDRAM -
   /opt/Xilinx/12.1/ISE_DS/EDK/hw/XilinxProcessorIPLib/pcores/mpmc_v6_00_a/data/
   mpmc_v2_1_0.mpd line 869 - tcl is overriding PARAMETER C_HIGHADDR_CTRL14
   value to 0x0a0
INFO:EDK:1560 - IPNAME:mpmc INSTANCE:DDR_SDRAM -
   /opt/Xilinx/12.1/ISE_DS/EDK/hw/XilinxProcessorIPLib/pcores/mpmc_v6_00_a/data/
   mpmc_v2_1_0.mpd line 870 - tcl is overriding PARAMETER C_BASEADDR_CTRL15
   value to 0x0a1
INFO:EDK:1560 - IPNAME:mpmc INSTANCE:DDR_SDRAM -
   /opt/Xilinx/12.1/ISE_DS/EDK/hw/XilinxProcessorIPLib/pcores/mpmc_v6_00_a/data/
   mpmc_v2_1_0.mpd line 871 - tcl is overriding PARAMETER C_HIGHADDR_CTRL15
   value to 0x0a2
INFO:EDK:1560 - IPNAME:mpmc INSTANCE:DDR_SDRAM -
   /opt/Xilinx/12.1/ISE_DS/EDK/hw/XilinxProcessorIPLib/pcores/mpmc_v6_00_a/data/
   mpmc_v2_1_0.mpd line 912 - tcl is overriding PARAMETER C_CTRL_BRAM_INIT_19
   value to 0x000002FC000002FC000002FC000002FC000002FC000002FC000002FC000002FC
INFO:EDK:1560 - IPNAME:mpmc INSTANCE:DDR_SDRAM -
   /opt/Xilinx/12.1/ISE_DS/EDK/hw/XilinxProcessorIPLib/pcores/mpmc_v6_00_a/data/
   mpmc_v2_1_0.mpd line 913 - tcl is overriding PARAMETER C_CTRL_BRAM_INIT_18
   value to 0x000002FC000002FC000002FC000002FC000002FC000002FC000002FC000002FC
INFO:EDK:1560 - IPNAME:mpmc INSTANCE:DDR_SDRAM -
   /opt/Xilinx/12.1/ISE_DS/EDK/hw/XilinxProcessorIPLib/pcores/mpmc_v6_00_a/data/
   mpmc_v2_1_0.mpd line 914 - tcl is overriding PARAMETER C_CTRL_BRAM_INIT_17
   value to 0x000002FC000002FC000002FC000002FC000002FC000002FC000002FC000002FC
INFO:EDK:1560 - IPNAME:mpmc INSTANCE:DDR_SDRAM -
   /opt/Xilinx/12.1/ISE_DS/EDK/hw/XilinxProcessorIPLib/pcores/mpmc_v6_00_a/data/
   mpmc_v2_1_0.mpd line 917 - tcl is overriding PARAMETER C_CTRL_BRAM_INIT_14
   value to 0x000002FC000002FC000002FC000002FC000002FC0000001C0000001C0000001C
INFO:EDK:1560 - IPNAME:mpmc INSTANCE:DDR_SDRAM -
   /opt/Xilinx/12.1/ISE_DS/EDK/hw/XilinxProcessorIPLib/pcores/mpmc_v6_00_a/data/
   mpmc_v2_1_0.mpd line 918 - tcl is overriding PARAMETER C_CTRL_BRAM_INIT_13
   value to 0x0000001C0000001C0000001C0000001C0000001D000000100000001C00004008
INFO:EDK:1560 - IPNAME:mpmc INSTANCE:DDR_SDRAM -
   /opt/Xilinx/12.1/ISE_DS/EDK/hw/XilinxProcessorIPLib/pcores/mpmc_v6_00_a/data/
   mpmc_v2_1_0.mpd line 919 - tcl is overriding PARAMETER C_CTRL_BRAM_INIT_12
   value to 0x0000001C000040080000001C000024140000041C000024150000041C00002414
INFO:EDK:1560 - IPNAME:mpmc INSTANCE:DDR_SDRAM -
   /opt/Xilinx/12.1/ISE_DS/EDK/hw/XilinxProcessorIPLib/pcores/mpmc_v6_00_a/data/
   mpmc_v2_1_0.mpd line 920 - tcl is overriding PARAMETER C_CTRL_BRAM_INIT_11
   value to 0x0002041C000024140000141C000080180000001E0000001E0000400A0000001E
INFO:EDK:1560 - IPNAME:mpmc INSTANCE:DDR_SDRAM -
   /opt/Xilinx/12.1/ISE_DS/EDK/hw/XilinxProcessorIPLib/pcores/mpmc_v6_00_a/data/
   mpmc_v2_1_0.mpd line 921 - tcl is overriding PARAMETER C_CTRL_BRAM_INIT_10
   value to 0x0000001E0000201F0000001E000021060000011E000021060000011E00002106
INFO:EDK:1560 - IPNAME:mpmc INSTANCE:DDR_SDRAM -
   /opt/Xilinx/12.1/ISE_DS/EDK/hw/XilinxProcessorIPLib/pcores/mpmc_v6_00_a/data/
   mpmc_v2_1_0.mpd line 922 - tcl is overriding PARAMETER C_CTRL_BRAM_INIT_0F
   value to 0x0002011E000021060000111E0000801A0000001C000040080000001C00002414
INFO:EDK:1560 - IPNAME:mpmc INSTANCE:DDR_SDRAM -
   /opt/Xilinx/12.1/ISE_DS/EDK/hw/XilinxProcessorIPLib/pcores/mpmc_v6_00_a/data/
   mpmc_v2_1_0.mpd line 923 - tcl is overriding PARAMETER C_CTRL_BRAM_INIT_0E
   value to 0x0000041C000024150000041C000024140002041C000024140000141C00008018
INFO:EDK:1560 - IPNAME:mpmc INSTANCE:DDR_SDRAM -
   /opt/Xilinx/12.1/ISE_DS/EDK/hw/XilinxProcessorIPLib/pcores/mpmc_v6_00_a/data/
   mpmc_v2_1_0.mpd line 924 - tcl is overriding PARAMETER C_CTRL_BRAM_INIT_0D
   value to 0x0000001E0000001E0000400A0000001E0000001E0000201F0000001E00002106
INFO:EDK:1560 - IPNAME:mpmc INSTANCE:DDR_SDRAM -
   /opt/Xilinx/12.1/ISE_DS/EDK/hw/XilinxProcessorIPLib/pcores/mpmc_v6_00_a/data/
   mpmc_v2_1_0.mpd line 925 - tcl is overriding PARAMETER C_CTRL_BRAM_INIT_0C
   value to 0x0000011E000021060000011E000021060002011E000021060000111E0000801A
INFO:EDK:1560 - IPNAME:mpmc INSTANCE:DDR_SDRAM -
   /opt/Xilinx/12.1/ISE_DS/EDK/hw/XilinxProcessorIPLib/pcores/mpmc_v6_00_a/data/
   mpmc_v2_1_0.mpd line 926 - tcl is overriding PARAMETER C_CTRL_BRAM_INIT_0B
   value to 0x0000001C000040080000001C000024140000041C000024150000041C00002414
INFO:EDK:1560 - IPNAME:mpmc INSTANCE:DDR_SDRAM -
   /opt/Xilinx/12.1/ISE_DS/EDK/hw/XilinxProcessorIPLib/pcores/mpmc_v6_00_a/data/
   mpmc_v2_1_0.mpd line 927 - tcl is overriding PARAMETER C_CTRL_BRAM_INIT_0A
   value to 0x0000041C000024140000141C000080180000001E0000001E0000400A0000001E
INFO:EDK:1560 - IPNAME:mpmc INSTANCE:DDR_SDRAM -
   /opt/Xilinx/12.1/ISE_DS/EDK/hw/XilinxProcessorIPLib/pcores/mpmc_v6_00_a/data/
   mpmc_v2_1_0.mpd line 928 - tcl is overriding PARAMETER C_CTRL_BRAM_INIT_09
   value to 0x0000001E0000201F0000001E000021060000011E000021060000011E00002106
INFO:EDK:1560 - IPNAME:mpmc INSTANCE:DDR_SDRAM -
   /opt/Xilinx/12.1/ISE_DS/EDK/hw/XilinxProcessorIPLib/pcores/mpmc_v6_00_a/data/
   mpmc_v2_1_0.mpd line 929 - tcl is overriding PARAMETER C_CTRL_BRAM_INIT_08
   value to 0x0000011E000021060000111E0000801A0000001C000040080000001C00002414
INFO:EDK:1560 - IPNAME:mpmc INSTANCE:DDR_SDRAM -
   /opt/Xilinx/12.1/ISE_DS/EDK/hw/XilinxProcessorIPLib/pcores/mpmc_v6_00_a/data/
   mpmc_v2_1_0.mpd line 930 - tcl is overriding PARAMETER C_CTRL_BRAM_INIT_07
   value to 0x0000041C000024150000141C000080180000001E0000001E0000400A0000001E
INFO:EDK:1560 - IPNAME:mpmc INSTANCE:DDR_SDRAM -
   /opt/Xilinx/12.1/ISE_DS/EDK/hw/XilinxProcessorIPLib/pcores/mpmc_v6_00_a/data/
   mpmc_v2_1_0.mpd line 931 - tcl is overriding PARAMETER C_CTRL_BRAM_INIT_06
   value to 0x0000001E0000201F0000001E000021060000011E000021060000111E0000801A
INFO:EDK:1560 - IPNAME:mpmc INSTANCE:DDR_SDRAM -
   /opt/Xilinx/12.1/ISE_DS/EDK/hw/XilinxProcessorIPLib/pcores/mpmc_v6_00_a/data/
   mpmc_v2_1_0.mpd line 932 - tcl is overriding PARAMETER C_CTRL_BRAM_INIT_05
   value to 0x0000001C000040080000001C000024140000141C000080190000001E0000001E
INFO:EDK:1560 - IPNAME:mpmc INSTANCE:DDR_SDRAM -
   /opt/Xilinx/12.1/ISE_DS/EDK/hw/XilinxProcessorIPLib/pcores/mpmc_v6_00_a/data/
   mpmc_v2_1_0.mpd line 933 - tcl is overriding PARAMETER C_CTRL_BRAM_INIT_04
   value to 0x0000400A0000001E0000001E0000201F0000001E000021060000111E0000801A
INFO:EDK:1560 - IPNAME:mpmc INSTANCE:DDR_SDRAM -
   /opt/Xilinx/12.1/ISE_DS/EDK/hw/XilinxProcessorIPLib/pcores/mpmc_v6_00_a/data/
   mpmc_v2_1_0.mpd line 934 - tcl is overriding PARAMETER C_CTRL_BRAM_INIT_03
   value to 0x0000001C000040080000001C000020140000141C000080190000001E0000001E
INFO:EDK:1560 - IPNAME:mpmc INSTANCE:DDR_SDRAM -
   /opt/Xilinx/12.1/ISE_DS/EDK/hw/XilinxProcessorIPLib/pcores/mpmc_v6_00_a/data/
   mpmc_v2_1_0.mpd line 935 - tcl is overriding PARAMETER C_CTRL_BRAM_INIT_02
   value to 0x0000400A0000001E0000001E0000001F0000001E000021060001111E0000801A
INFO:EDK:1560 - IPNAME:mpmc INSTANCE:DDR_SDRAM -
   /opt/Xilinx/12.1/ISE_DS/EDK/hw/XilinxProcessorIPLib/pcores/mpmc_v6_00_a/data/
   mpmc_v2_1_0.mpd line 936 - tcl is overriding PARAMETER C_CTRL_BRAM_INIT_01
   value to 0x0000001C000040080000001C000020140000141C000080190000001E0000001E
INFO:EDK:1560 - IPNAME:mpmc INSTANCE:DDR_SDRAM -
   /opt/Xilinx/12.1/ISE_DS/EDK/hw/XilinxProcessorIPLib/pcores/mpmc_v6_00_a/data/
   mpmc_v2_1_0.mpd line 937 - tcl is overriding PARAMETER C_CTRL_BRAM_INIT_00
   value to 0x0000400A0000001E0000001E0000001F0000001E000021060001111E0000801A
INFO:EDK:1560 - IPNAME:mpmc INSTANCE:DDR_SDRAM -
   /opt/Xilinx/12.1/ISE_DS/EDK/hw/XilinxProcessorIPLib/pcores/mpmc_v6_00_a/data/
   mpmc_v2_1_0.mpd line 943 - tcl is overriding PARAMETER C_CTRL_BRAM_INITP_03
   value to 0x0000000000000000000000000000000000000000000000000000000000000000
INFO:EDK:1560 - IPNAME:mpmc INSTANCE:DDR_SDRAM -
   /opt/Xilinx/12.1/ISE_DS/EDK/hw/XilinxProcessorIPLib/pcores/mpmc_v6_00_a/data/
   mpmc_v2_1_0.mpd line 944 - tcl is overriding PARAMETER C_CTRL_BRAM_INITP_02
   value to 0x0000000000000000000000000000000000000000000000000000000000000000
INFO:EDK:1560 - IPNAME:mpmc INSTANCE:DDR_SDRAM -
   /opt/Xilinx/12.1/ISE_DS/EDK/hw/XilinxProcessorIPLib/pcores/mpmc_v6_00_a/data/
   mpmc_v2_1_0.mpd line 945 - tcl is overriding PARAMETER C_CTRL_BRAM_INITP_01
   value to 0x0000000000000000000000000000000000000000000000000000000000000000
INFO:EDK:1560 - IPNAME:mpmc INSTANCE:DDR_SDRAM -
   /opt/Xilinx/12.1/ISE_DS/EDK/hw/XilinxProcessorIPLib/pcores/mpmc_v6_00_a/data/
   mpmc_v2_1_0.mpd line 946 - tcl is overriding PARAMETER C_CTRL_BRAM_INITP_00
   value to 0x0000000000000000000000000000000000000000000000000000000000000000
INFO:EDK:1560 - IPNAME:jtagppc_cntlr INSTANCE:jtagppc_cntlr_inst -
   /opt/Xilinx/12.1/ISE_DS/EDK/hw/XilinxProcessorIPLib/pcores/jtagppc_cntlr_v2_0
   1_c/data/jtagppc_cntlr_v2_1_0.mpd line 68 - tcl is overriding PARAMETER
   C_NUM_PPC_USED value to 1
INFO:EDK:1560 - IPNAME:xps_intc INSTANCE:xps_intc_0 -
   /opt/Xilinx/12.1/ISE_DS/EDK/hw/XilinxProcessorIPLib/pcores/xps_intc_v2_01_a/d
   ata/xps_intc_v2_1_0.mpd line 77 - tcl is overriding PARAMETER
   C_NUM_INTR_INPUTS value to 10
INFO:EDK:1560 - IPNAME:xps_intc INSTANCE:xps_intc_0 -
   /opt/Xilinx/12.1/ISE_DS/EDK/hw/XilinxProcessorIPLib/pcores/xps_intc_v2_01_a/d
   ata/xps_intc_v2_1_0.mpd line 78 - tcl is overriding PARAMETER C_KIND_OF_INTR
   value to 0b11111111111111111111110000101000
INFO:EDK:1560 - IPNAME:xps_intc INSTANCE:xps_intc_0 -
   /opt/Xilinx/12.1/ISE_DS/EDK/hw/XilinxProcessorIPLib/pcores/xps_intc_v2_01_a/d
   ata/xps_intc_v2_1_0.mpd line 79 - tcl is overriding PARAMETER C_KIND_OF_EDGE
   value to 0b11111111111111111111111111111111
INFO:EDK:1560 - IPNAME:xps_intc INSTANCE:xps_intc_0 -
   /opt/Xilinx/12.1/ISE_DS/EDK/hw/XilinxProcessorIPLib/pcores/xps_intc_v2_01_a/d
   ata/xps_intc_v2_1_0.mpd line 80 - tcl is overriding PARAMETER C_KIND_OF_LVL
   value to 0b11111111111111111111111111111111

Running system level update procedures...

Running UPDATE Tcl procedures for OPTION SYSLEVEL_UPDATE_PROC...

Running system level DRCs...

Performing System level DRCs on properties...

Running DRC Tcl procedures for OPTION SYSLEVEL_DRC_PROC...
INFO:coreutil - Hardware Evaluation license for component <soft_temac_wrap_v2>
   found. The generated design will cease to function in the programmed device
   after operating for some period of time. This allows you to evaluate the
   component in hardware. You are encouraged to license this component.
   For ordering information, please refer to the product page for this component
   on: www.xilinx.com

Running UPDATE Tcl procedures for OPTION PLATGEN_SYSLEVEL_UPDATE_PROC...
INFO: The DDR_SDRAM core has constraints automatically generated by XPS in
implementation/ddr_sdram_wrapper/ddr_sdram_wrapper.ucf.
It can be overridden by constraints placed in the system.ucf file.

INFO: The MGT_wrapper core has constraints automatically generated by XPS in
implementation/mgt_wrapper_wrapper/mgt_wrapper_wrapper.ucf.
It can be overridden by constraints placed in the system.ucf file.

INFO: The TriMode_MAC_GMII core has constraints automatically generated by XPS
in implementation/trimode_mac_gmii_wrapper/trimode_mac_gmii_wrapper.ucf.
It can be overridden by constraints placed in the system.ucf file.


Modify defaults ...

Creating stub ...

Processing licensed instances ...
IPNAME:xps_ll_temac INSTANCE:TriMode_MAC_GMII -
/home/aalonso/workspace/ppc405/xilinx-ml405-ref/system.mhs line 253 - processing
license
WARNING:coreutil:8 - Feature <soft_temac_wrap_v2> is enabled with a
   Hardware_Evaluation license.
Completion time: 1.00 seconds

Creating hardware output directories ...

Managing hardware (BBD-specified) netlist files ...
IPNAME:mgt_protector INSTANCE:mgt_wrapper -
/home/aalonso/workspace/ppc405/xilinx-ml405-ref/system.mhs line 238 - Copying
(BBD-specified) netlist files.

Managing cache ...

Elaborating instances ...
IPNAME:bram_block INSTANCE:plb_bram_if_cntlr_1_bram -
/home/aalonso/workspace/ppc405/xilinx-ml405-ref/system.mhs line 101 -
elaborating IP
IPNAME:clock_generator INSTANCE:clock_generator_0 -
/home/aalonso/workspace/ppc405/xilinx-ml405-ref/system.mhs line 343 -
elaborating IP
ClkGen elaborate status: PASSED
----------------------------------------

Writing HDL for elaborated instances ...

Inserting wrapper level ...
Completion time: 2.00 seconds

Constructing platform-level connectivity ...
Completion time: 0.00 seconds

Writing (top-level) BMM ...

Writing (top-level and wrappers) HDL ...

Generating synthesis project file ...

Running XST synthesis ...

INFO:EDK:2502 - The following instances are synthesized with XST. The MPD option
   IMP_NETLIST=TRUE indicates that a NGC file is to be produced using XST
   synthesis. IMP_NETLIST=FALSE (default) instances are not synthesized. 
INSTANCE:ppc405_0 - /home/aalonso/workspace/ppc405/xilinx-ml405-ref/system.mhs
line 66 - Running XST synthesis
INSTANCE:plb - /home/aalonso/workspace/ppc405/xilinx-ml405-ref/system.mhs line
82 - Running XST synthesis
INSTANCE:xps_bram_if_cntlr_1 -
/home/aalonso/workspace/ppc405/xilinx-ml405-ref/system.mhs line 91 - Running XST
synthesis
INSTANCE:plb_bram_if_cntlr_1_bram -
/home/aalonso/workspace/ppc405/xilinx-ml405-ref/system.mhs line 101 - Running
XST synthesis
INSTANCE:leds_4bit - /home/aalonso/workspace/ppc405/xilinx-ml405-ref/system.mhs
line 107 - Running XST synthesis
INSTANCE:leds_positions -
/home/aalonso/workspace/ppc405/xilinx-ml405-ref/system.mhs line 120 - Running
XST synthesis
INSTANCE:push_buttons_position -
/home/aalonso/workspace/ppc405/xilinx-ml405-ref/system.mhs line 133 - Running
XST synthesis
INSTANCE:iic_eeprom - /home/aalonso/workspace/ppc405/xilinx-ml405-ref/system.mhs
line 147 - Running XST synthesis
INSTANCE:sysace_compactflash -
/home/aalonso/workspace/ppc405/xilinx-ml405-ref/system.mhs line 160 - Running
XST synthesis
INSTANCE:ddr_sdram - /home/aalonso/workspace/ppc405/xilinx-ml405-ref/system.mhs
line 177 - Running XST synthesis
INSTANCE:ppc405_0_iplb1 -
/home/aalonso/workspace/ppc405/xilinx-ml405-ref/system.mhs line 224 - Running
XST synthesis
INSTANCE:ppc405_0_dplb1 -
/home/aalonso/workspace/ppc405/xilinx-ml405-ref/system.mhs line 231 - Running
XST synthesis
INSTANCE:mgt_wrapper -
/home/aalonso/workspace/ppc405/xilinx-ml405-ref/system.mhs line 238 - Running
XST synthesis
INSTANCE:trimode_mac_gmii -
/home/aalonso/workspace/ppc405/xilinx-ml405-ref/system.mhs line 253 - Running
XST synthesis
INSTANCE:flash - /home/aalonso/workspace/ppc405/xilinx-ml405-ref/system.mhs line
283 - Running XST synthesis
INSTANCE:xps_timebase_wdt_0 -
/home/aalonso/workspace/ppc405/xilinx-ml405-ref/system.mhs line 309 - Running
XST synthesis
INSTANCE:xps_timer_0 -
/home/aalonso/workspace/ppc405/xilinx-ml405-ref/system.mhs line 320 - Running
XST synthesis
INSTANCE:rs232_uart - /home/aalonso/workspace/ppc405/xilinx-ml405-ref/system.mhs
line 331 - Running XST synthesis
INSTANCE:clock_generator_0 -
/home/aalonso/workspace/ppc405/xilinx-ml405-ref/system.mhs line 343 - Running
XST synthesis
INSTANCE:jtagppc_cntlr_inst -
/home/aalonso/workspace/ppc405/xilinx-ml405-ref/system.mhs line 378 - Running
XST synthesis
INSTANCE:proc_sys_reset_0 -
/home/aalonso/workspace/ppc405/xilinx-ml405-ref/system.mhs line 384 - Running
XST synthesis
INSTANCE:xps_intc_0 - /home/aalonso/workspace/ppc405/xilinx-ml405-ref/system.mhs
line 396 - Running XST synthesis

Running NGCBUILD ...
IPNAME:ppc405_0_wrapper INSTANCE:ppc405_0 -
/home/aalonso/workspace/ppc405/xilinx-ml405-ref/system.mhs line 66 - Running
NGCBUILD
IPNAME:ddr_sdram_wrapper INSTANCE:ddr_sdram -
/home/aalonso/workspace/ppc405/xilinx-ml405-ref/system.mhs line 177 - Running
NGCBUILD
IPNAME:mgt_wrapper_wrapper INSTANCE:mgt_wrapper -
/home/aalonso/workspace/ppc405/xilinx-ml405-ref/system.mhs line 238 - Running
NGCBUILD
IPNAME:trimode_mac_gmii_wrapper INSTANCE:trimode_mac_gmii -
/home/aalonso/workspace/ppc405/xilinx-ml405-ref/system.mhs line 253 - Running
NGCBUILD
IPNAME:clock_generator_0_wrapper INSTANCE:clock_generator_0 -
/home/aalonso/workspace/ppc405/xilinx-ml405-ref/system.mhs line 343 - Running
NGCBUILD
IPNAME:xps_intc_0_wrapper INSTANCE:xps_intc_0 -
/home/aalonso/workspace/ppc405/xilinx-ml405-ref/system.mhs line 396 - Running
NGCBUILD

Rebuilding cache ...

Total run time: 1063.00 seconds
